# JRE version: OpenJDK Runtime Environment Temurin-21.0.9+10 (21.0.9+10) (build 21.0.9+10-LTS)
# Java VM: OpenJDK 64-Bit Server VM Temurin-21.0.9+10 (21.0.9+10-LTS, mixed mode, sharing, tiered, compressed oops, compressed class ptrs, parallel gc, linux-amd64)
GC Precious Log:
 CardTable entry size: 512
 CPUs: 4 total, 4 available
 Memory: 10898M
 Large Page Support: Disabled
 NUMA Support: Disabled
 Compressed Oops: Enabled (32-bit)
 Alignments: Space 512K, Generation 512K, Heap 2M
 Heap Min Capacity: 100M
 Heap Initial Capacity: 100M
 Heap Max Capacity: 2G
 Pre-touch: Disabled
 Parallel Workers: 4
Heap:
 PSYoungGen      total 12800K, used 856K [0x00000000d5580000, 0x00000000d6500000, 0x0000000100000000)
  eden space 11776K, 0% used [0x00000000d5580000,0x00000000d5580000,0x00000000d6100000)
  from space 1024K, 83% used [0x00000000d6300000,0x00000000d63d6360,0x00000000d6400000)
  to   space 1024K, 0% used [0x00000000d6400000,0x00000000d6400000,0x00000000d6500000)
 ParOldGen       total 68608K, used 41431K [0x0000000080000000, 0x0000000084300000, 0x00000000d5580000)
  object space 68608K, 60% used [0x0000000080000000,0x0000000082875d08,0x0000000084300000)
 Metaspace       used 58495K, committed 59776K, reserved 1114112K
  class space    used 6305K, committed 6848K, reserved 1048576K
GC Heap History (20 events):
Event: 44,719 GC heap after
{Heap after GC invocations=34 (full 2):
 PSYoungGen      total 13312K, used 1280K [0x00000000d5580000, 0x00000000d6800000, 0x0000000100000000)
  eden space 11776K, 0% used [0x00000000d5580000,0x00000000d5580000,0x00000000d6100000)
  from space 1536K, 83% used [0x00000000d6680000,0x00000000d67c0360,0x00000000d6800000)
  to   space 1536K, 0% used [0x00000000d6500000,0x00000000d6500000,0x00000000d6680000)
 ParOldGen       total 68608K, used 36832K [0x0000000080000000, 0x0000000084300000, 0x00000000d5580000)
  object space 68608K, 53% used [0x0000000080000000,0x00000000823f8018,0x0000000084300000)
 Metaspace       used 51950K, committed 53120K, reserved 1114112K
  class space    used 5657K, committed 6144K, reserved 1048576K
}
Event: 45,820 GC heap before
{Heap before GC invocations=35 (full 2):
 PSYoungGen      total 13312K, used 13056K [0x00000000d5580000, 0x00000000d6800000, 0x0000000100000000)
  eden space 11776K, 100% used [0x00000000d5580000,0x00000000d6100000,0x00000000d6100000)
  from space 1536K, 83% used [0x00000000d6680000,0x00000000d67c0360,0x00000000d6800000)
  to   space 1536K, 0% used [0x00000000d6500000,0x00000000d6500000,0x00000000d6680000)
 ParOldGen       total 68608K, used 36832K [0x0000000080000000, 0x0000000084300000, 0x00000000d5580000)
  object space 68608K, 53% used [0x0000000080000000,0x00000000823f8018,0x0000000084300000)
 Metaspace       used 53504K, committed 54720K, reserved 1114112K
  class space    used 5839K, committed 6336K, reserved 1048576K
}
Event: 45,854 GC heap after
{Heap after GC invocations=35 (full 2):
 PSYoungGen      total 13312K, used 1122K [0x00000000d5580000, 0x00000000d6700000, 0x0000000100000000)
  eden space 11776K, 0% used [0x00000000d5580000,0x00000000d5580000,0x00000000d6100000)
  from space 1536K, 73% used [0x00000000d6500000,0x00000000d6618880,0x00000000d6680000)
  to   space 512K, 0% used [0x00000000d6680000,0x00000000d6680000,0x00000000d6700000)
 ParOldGen       total 68608K, used 37946K [0x0000000080000000, 0x0000000084300000, 0x00000000d5580000)
  object space 68608K, 55% used [0x0000000080000000,0x000000008250eb48,0x0000000084300000)
 Metaspace       used 53504K, committed 54720K, reserved 1114112K
  class space    used 5839K, committed 6336K, reserved 1048576K
}
Event: 47,033 GC heap before
{Heap before GC invocations=36 (full 2):
 PSYoungGen      total 13312K, used 12898K [0x00000000d5580000, 0x00000000d6700000, 0x0000000100000000)
  eden space 11776K, 100% used [0x00000000d5580000,0x00000000d6100000,0x00000000d6100000)
  from space 1536K, 73% used [0x00000000d6500000,0x00000000d6618880,0x00000000d6680000)
  to   space 512K, 0% used [0x00000000d6680000,0x00000000d6680000,0x00000000d6700000)
 ParOldGen       total 68608K, used 37946K [0x0000000080000000, 0x0000000084300000, 0x00000000d5580000)
  object space 68608K, 55% used [0x0000000080000000,0x000000008250eb48,0x0000000084300000)
 Metaspace       used 54461K, committed 55680K, reserved 1114112K
  class space    used 5939K, committed 6464K, reserved 1048576K
}
Event: 47,061 GC heap after
{Heap after GC invocations=36 (full 2):
 PSYoungGen      total 12288K, used 484K [0x00000000d5580000, 0x00000000d6700000, 0x0000000100000000)
  eden space 11776K, 0% used [0x00000000d5580000,0x00000000d5580000,0x00000000d6100000)
  from space 512K, 94% used [0x00000000d6680000,0x00000000d66f90f0,0x00000000d6700000)
  to   space 3072K, 0% used [0x00000000d6100000,0x00000000d6100000,0x00000000d6400000)
 ParOldGen       total 68608K, used 39975K [0x0000000080000000, 0x0000000084300000, 0x00000000d5580000)
  object space 68608K, 58% used [0x0000000080000000,0x0000000082709e40,0x0000000084300000)
 Metaspace       used 54461K, committed 55680K, reserved 1114112K
  class space    used 5939K, committed 6464K, reserved 1048576K
}
Event: 47,287 GC heap before
{Heap before GC invocations=37 (full 2):
 PSYoungGen      total 12288K, used 12260K [0x00000000d5580000, 0x00000000d6700000, 0x0000000100000000)
  eden space 11776K, 100% used [0x00000000d5580000,0x00000000d6100000,0x00000000d6100000)
  from space 512K, 94% used [0x00000000d6680000,0x00000000d66f90f0,0x00000000d6700000)
  to   space 3072K, 0% used [0x00000000d6100000,0x00000000d6100000,0x00000000d6400000)
 ParOldGen       total 68608K, used 39975K [0x0000000080000000, 0x0000000084300000, 0x00000000d5580000)
  object space 68608K, 58% used [0x0000000080000000,0x0000000082709e40,0x0000000084300000)
 Metaspace       used 54485K, committed 55744K, reserved 1114112K
  class space    used 5939K, committed 6464K, reserved 1048576K
}
Event: 47,333 GC heap after
{Heap after GC invocations=37 (full 2):
 PSYoungGen      total 14848K, used 1019K [0x00000000d5580000, 0x00000000d6700000, 0x0000000100000000)
  eden space 11776K, 0% used [0x00000000d5580000,0x00000000d5580000,0x00000000d6100000)
  from space 3072K, 33% used [0x00000000d6100000,0x00000000d61fefc8,0x00000000d6400000)
  to   space 2048K, 0% used [0x00000000d6500000,0x00000000d6500000,0x00000000d6700000)
 ParOldGen       total 68608K, used 40415K [0x0000000080000000, 0x0000000084300000, 0x00000000d5580000)
  object space 68608K, 58% used [0x0000000080000000,0x0000000082777e68,0x0000000084300000)
 Metaspace       used 54485K, committed 55744K, reserved 1114112K
  class space    used 5939K, committed 6464K, reserved 1048576K
}
Event: 47,616 GC heap before
{Heap before GC invocations=38 (full 2):
 PSYoungGen      total 14848K, used 12795K [0x00000000d5580000, 0x00000000d6700000, 0x0000000100000000)
  eden space 11776K, 100% used [0x00000000d5580000,0x00000000d6100000,0x00000000d6100000)
  from space 3072K, 33% used [0x00000000d6100000,0x00000000d61fefc8,0x00000000d6400000)
  to   space 2048K, 0% used [0x00000000d6500000,0x00000000d6500000,0x00000000d6700000)
 ParOldGen       total 68608K, used 40415K [0x0000000080000000, 0x0000000084300000, 0x00000000d5580000)
  object space 68608K, 58% used [0x0000000080000000,0x0000000082777e68,0x0000000084300000)
 Metaspace       used 54554K, committed 55808K, reserved 1114112K
  class space    used 5950K, committed 6464K, reserved 1048576K
}
Event: 47,629 GC heap after
{Heap after GC invocations=38 (full 2):
 PSYoungGen      total 13312K, used 1097K [0x00000000d5580000, 0x00000000d6680000, 0x0000000100000000)
  eden space 11776K, 0% used [0x00000000d5580000,0x00000000d5580000,0x00000000d6100000)
  from space 1536K, 71% used [0x00000000d6500000,0x00000000d66126d8,0x00000000d6680000)
  to   space 1536K, 0% used [0x00000000d6380000,0x00000000d6380000,0x00000000d6500000)
 ParOldGen       total 68608K, used 40447K [0x0000000080000000, 0x0000000084300000, 0x00000000d5580000)
  object space 68608K, 58% used [0x0000000080000000,0x000000008277fe68,0x0000000084300000)
 Metaspace       used 54554K, committed 55808K, reserved 1114112K
  class space    used 5950K, committed 6464K, reserved 1048576K
}
Event: 47,873 GC heap before
{Heap before GC invocations=39 (full 2):
 PSYoungGen      total 13312K, used 12873K [0x00000000d5580000, 0x00000000d6680000, 0x0000000100000000)
  eden space 11776K, 100% used [0x00000000d5580000,0x00000000d6100000,0x00000000d6100000)
  from space 1536K, 71% used [0x00000000d6500000,0x00000000d66126d8,0x00000000d6680000)
  to   space 1536K, 0% used [0x00000000d6380000,0x00000000d6380000,0x00000000d6500000)
 ParOldGen       total 68608K, used 40447K [0x0000000080000000, 0x0000000084300000, 0x00000000d5580000)
  object space 68608K, 58% used [0x0000000080000000,0x000000008277fe68,0x0000000084300000)
 Metaspace       used 54735K, committed 56000K, reserved 1114112K
  class space    used 5966K, committed 6464K, reserved 1048576K
}
Event: 47,890 GC heap after
{Heap after GC invocations=39 (full 2):
 PSYoungGen      total 12800K, used 663K [0x00000000d5580000, 0x00000000d6580000, 0x0000000100000000)
  eden space 11776K, 0% used [0x00000000d5580000,0x00000000d5580000,0x00000000d6100000)
  from space 1024K, 64% used [0x00000000d6380000,0x00000000d6425c60,0x00000000d6480000)
  to   space 1024K, 0% used [0x00000000d6480000,0x00000000d6480000,0x00000000d6580000)
 ParOldGen       total 68608K, used 40623K [0x0000000080000000, 0x0000000084300000, 0x00000000d5580000)
  object space 68608K, 59% used [0x0000000080000000,0x00000000827abd10,0x0000000084300000)
 Metaspace       used 54735K, committed 56000K, reserved 1114112K
  class space    used 5966K, committed 6464K, reserved 1048576K
}
Event: 48,799 GC heap before
{Heap before GC invocations=40 (full 2):
 PSYoungGen      total 12800K, used 12439K [0x00000000d5580000, 0x00000000d6580000, 0x0000000100000000)
  eden space 11776K, 100% used [0x00000000d5580000,0x00000000d6100000,0x00000000d6100000)
  from space 1024K, 64% used [0x00000000d6380000,0x00000000d6425c60,0x00000000d6480000)
  to   space 1024K, 0% used [0x00000000d6480000,0x00000000d6480000,0x00000000d6580000)
 ParOldGen       total 68608K, used 40623K [0x0000000080000000, 0x0000000084300000, 0x00000000d5580000)
  object space 68608K, 59% used [0x0000000080000000,0x00000000827abd10,0x0000000084300000)
 Metaspace       used 56338K, committed 57536K, reserved 1114112K
  class space    used 6108K, committed 6592K, reserved 1048576K
}
Event: 48,810 GC heap after
{Heap after GC invocations=40 (full 2):
 PSYoungGen      total 12288K, used 352K [0x00000000d5580000, 0x00000000d6500000, 0x0000000100000000)
  eden space 11776K, 0% used [0x00000000d5580000,0x00000000d5580000,0x00000000d6100000)
  from space 512K, 68% used [0x00000000d6480000,0x00000000d64d8030,0x00000000d6500000)
  to   space 512K, 0% used [0x00000000d6400000,0x00000000d6400000,0x00000000d6480000)
 ParOldGen       total 68608K, used 40704K [0x0000000080000000, 0x0000000084300000, 0x00000000d5580000)
  object space 68608K, 59% used [0x0000000080000000,0x00000000827c0180,0x0000000084300000)
 Metaspace       used 56338K, committed 57536K, reserved 1114112K
  class space    used 6108K, committed 6592K, reserved 1048576K
}
Event: 49,287 GC heap before
{Heap before GC invocations=41 (full 2):
 PSYoungGen      total 12288K, used 12128K [0x00000000d5580000, 0x00000000d6500000, 0x0000000100000000)
  eden space 11776K, 100% used [0x00000000d5580000,0x00000000d6100000,0x00000000d6100000)
  from space 512K, 68% used [0x00000000d6480000,0x00000000d64d8030,0x00000000d6500000)
  to   space 512K, 0% used [0x00000000d6400000,0x00000000d6400000,0x00000000d6480000)
 ParOldGen       total 68608K, used 40704K [0x0000000080000000, 0x0000000084300000, 0x00000000d5580000)
  object space 68608K, 59% used [0x0000000080000000,0x00000000827c0180,0x0000000084300000)
 Metaspace       used 56907K, committed 58176K, reserved 1114112K
  class space    used 6171K, committed 6656K, reserved 1048576K
}
Event: 49,296 GC heap after
{Heap after GC invocations=41 (full 2):
 PSYoungGen      total 12288K, used 256K [0x00000000d5580000, 0x00000000d6500000, 0x0000000100000000)
  eden space 11776K, 0% used [0x00000000d5580000,0x00000000d5580000,0x00000000d6100000)
  from space 512K, 50% used [0x00000000d6400000,0x00000000d6440000,0x00000000d6480000)
  to   space 512K, 0% used [0x00000000d6480000,0x00000000d6480000,0x00000000d6500000)
 ParOldGen       total 68608K, used 40943K [0x0000000080000000, 0x0000000084300000, 0x00000000d5580000)
  object space 68608K, 59% used [0x0000000080000000,0x00000000827fbd08,0x0000000084300000)
 Metaspace       used 56907K, committed 58176K, reserved 1114112K
  class space    used 6171K, committed 6656K, reserved 1048576K
}
Event: 50,161 GC heap before
{Heap before GC invocations=42 (full 2):
 PSYoungGen      total 12288K, used 12032K [0x00000000d5580000, 0x00000000d6500000, 0x0000000100000000)
  eden space 11776K, 100% used [0x00000000d5580000,0x00000000d6100000,0x00000000d6100000)
  from space 512K, 50% used [0x00000000d6400000,0x00000000d6440000,0x00000000d6480000)
  to   space 512K, 0% used [0x00000000d6480000,0x00000000d6480000,0x00000000d6500000)
 ParOldGen       total 68608K, used 40943K [0x0000000080000000, 0x0000000084300000, 0x00000000d5580000)
  object space 68608K, 59% used [0x0000000080000000,0x00000000827fbd08,0x0000000084300000)
 Metaspace       used 57908K, committed 59200K, reserved 1114112K
  class space    used 6263K, committed 6784K, reserved 1048576K
}
Event: 50,171 GC heap after
{Heap after GC invocations=42 (full 2):
 PSYoungGen      total 12288K, used 486K [0x00000000d5580000, 0x00000000d6500000, 0x0000000100000000)
  eden space 11776K, 0% used [0x00000000d5580000,0x00000000d5580000,0x00000000d6100000)
  from space 512K, 94% used [0x00000000d6480000,0x00000000d64f9898,0x00000000d6500000)
  to   space 1024K, 0% used [0x00000000d6300000,0x00000000d6300000,0x00000000d6400000)
 ParOldGen       total 68608K, used 41103K [0x0000000080000000, 0x0000000084300000, 0x00000000d5580000)
  object space 68608K, 59% used [0x0000000080000000,0x0000000082823d08,0x0000000084300000)
 Metaspace       used 57908K, committed 59200K, reserved 1114112K
  class space    used 6263K, committed 6784K, reserved 1048576K
}
Event: 52,382 GC heap before
{Heap before GC invocations=43 (full 2):
 PSYoungGen      total 12288K, used 11062K [0x00000000d5580000, 0x00000000d6500000, 0x0000000100000000)
  eden space 11776K, 89% used [0x00000000d5580000,0x00000000d5fd40d0,0x00000000d6100000)
  from space 512K, 94% used [0x00000000d6480000,0x00000000d64f9898,0x00000000d6500000)
  to   space 1024K, 0% used [0x00000000d6300000,0x00000000d6300000,0x00000000d6400000)
 ParOldGen       total 68608K, used 41103K [0x0000000080000000, 0x0000000084300000, 0x00000000d5580000)
  object space 68608K, 59% used [0x0000000080000000,0x0000000082823d08,0x0000000084300000)
 Metaspace       used 58495K, committed 59776K, reserved 1114112K
  class space    used 6305K, committed 6848K, reserved 1048576K
}
Event: 52,403 GC heap after
{Heap after GC invocations=43 (full 2):
 PSYoungGen      total 12800K, used 856K [0x00000000d5580000, 0x00000000d6500000, 0x0000000100000000)
  eden space 11776K, 0% used [0x00000000d5580000,0x00000000d5580000,0x00000000d6100000)
  from space 1024K, 83% used [0x00000000d6300000,0x00000000d63d6360,0x00000000d6400000)
  to   space 1024K, 0% used [0x00000000d6400000,0x00000000d6400000,0x00000000d6500000)
 ParOldGen       total 68608K, used 41431K [0x0000000080000000, 0x0000000084300000, 0x00000000d5580000)
  object space 68608K, 60% used [0x0000000080000000,0x0000000082875d08,0x0000000084300000)
 Metaspace       used 58495K, committed 59776K, reserved 1114112K
  class space    used 6305K, committed 6848K, reserved 1048576K
}
Event: 52,403 GC heap before
{Heap before GC invocations=44 (full 3):
 PSYoungGen      total 12800K, used 856K [0x00000000d5580000, 0x00000000d6500000, 0x0000000100000000)
  eden space 11776K, 0% used [0x00000000d5580000,0x00000000d5580000,0x00000000d6100000)
  from space 1024K, 83% used [0x00000000d6300000,0x00000000d63d6360,0x00000000d6400000)
  to   space 1024K, 0% used [0x00000000d6400000,0x00000000d6400000,0x00000000d6500000)
 ParOldGen       total 68608K, used 41431K [0x0000000080000000, 0x0000000084300000, 0x00000000d5580000)
  object space 68608K, 60% used [0x0000000080000000,0x0000000082875d08,0x0000000084300000)
 Metaspace       used 58495K, committed 59776K, reserved 1114112K
  class space    used 6305K, committed 6848K, reserved 1048576K
}

